# JRE version: Java(TM) SE Runtime Environment (8.0_111-b14) (build 1.8.0_111-b14)
# Java VM: Java HotSpot(TM) 64-Bit Server VM (25.111-b14 mixed mode linux-amd64 compressed oops)
Heap:
 garbage-first heap   total 1048576K, used 735706K [0x0000000640000000, 0x0000000640800400, 0x00000007c0000000)
  region size 8192K, 14 young (114688K), 2 survivors (16384K)
 Metaspace       used 113333K, capacity 115372K, committed 115840K, reserved 1146880K
  class space    used 17768K, capacity 18524K, committed 18560K, reserved 1048576K
GC Heap History (10 events):
Event: 312,618 GC heap before
{Heap before GC invocations=75 (full 0):
 garbage-first heap   total 1048576K, used 871780K [0x0000000640000000, 0x0000000640800400, 0x00000007c0000000)
  region size 8192K, 38 young (311296K), 2 survivors (16384K)
 Metaspace       used 107277K, capacity 109160K, committed 109568K, reserved 1140736K
  class space    used 16921K, capacity 17644K, committed 17664K, reserved 1048576K
Event: 313,042 GC heap after
Heap after GC invocations=76 (full 0):
 garbage-first heap   total 1048576K, used 591990K [0x0000000640000000, 0x0000000640800400, 0x00000007c0000000)
  region size 8192K, 2 young (16384K), 2 survivors (16384K)
 Metaspace       used 107277K, capacity 109160K, committed 109568K, reserved 1140736K
  class space    used 16921K, capacity 17644K, committed 17664K, reserved 1048576K
}
Event: 315,779 GC heap before
{Heap before GC invocations=76 (full 0):
 garbage-first heap   total 1048576K, used 886902K [0x0000000640000000, 0x0000000640800400, 0x00000007c0000000)
  region size 8192K, 38 young (311296K), 2 survivors (16384K)
 Metaspace       used 108624K, capacity 110590K, committed 110976K, reserved 1142784K
  class space    used 17190K, capacity 17937K, committed 18048K, reserved 1048576K
Event: 315,878 GC heap after
Heap after GC invocations=77 (full 0):
 garbage-first heap   total 1048576K, used 634880K [0x0000000640000000, 0x0000000640800400, 0x00000007c0000000)
  region size 8192K, 2 young (16384K), 2 survivors (16384K)
 Metaspace       used 108624K, capacity 110590K, committed 110976K, reserved 1142784K
  class space    used 17190K, capacity 17937K, committed 18048K, reserved 1048576K
}
Event: 318,208 GC heap before
{Heap before GC invocations=77 (full 0):
 garbage-first heap   total 1048576K, used 929792K [0x0000000640000000, 0x0000000640800400, 0x00000007c0000000)
  region size 8192K, 38 young (311296K), 2 survivors (16384K)
 Metaspace       used 109880K, capacity 111878K, committed 112128K, reserved 1142784K
  class space    used 17364K, capacity 18133K, committed 18176K, reserved 1048576K
Event: 318,315 GC heap after
Heap after GC invocations=78 (full 0):
 garbage-first heap   total 1048576K, used 646546K [0x0000000640000000, 0x0000000640800400, 0x00000007c0000000)
  region size 8192K, 2 young (16384K), 2 survivors (16384K)
 Metaspace       used 109880K, capacity 111878K, committed 112128K, reserved 1142784K
  class space    used 17364K, capacity 18133K, committed 18176K, reserved 1048576K
}
Event: 322,438 GC heap before
{Heap before GC invocations=78 (full 0):
 garbage-first heap   total 1048576K, used 941458K [0x0000000640000000, 0x0000000640800400, 0x00000007c0000000)
  region size 8192K, 38 young (311296K), 2 survivors (16384K)
 Metaspace       used 111428K, capacity 113482K, committed 113792K, reserved 1144832K
  class space    used 17534K, capacity 18299K, committed 18304K, reserved 1048576K
Event: 322,543 GC heap after
Heap after GC invocations=79 (full 0):
 garbage-first heap   total 1048576K, used 659278K [0x0000000640000000, 0x0000000640800400, 0x00000007c0000000)
  region size 8192K, 2 young (16384K), 2 survivors (16384K)
 Metaspace       used 111428K, capacity 113482K, committed 113792K, reserved 1144832K
  class space    used 17534K, capacity 18299K, committed 18304K, reserved 1048576K
}
Event: 325,922 GC heap before
{Heap before GC invocations=80 (full 0):
 garbage-first heap   total 1048576K, used 937806K [0x0000000640000000, 0x0000000640800400, 0x00000007c0000000)
  region size 8192K, 38 young (311296K), 2 survivors (16384K)
 Metaspace       used 112849K, capacity 114860K, committed 115328K, reserved 1146880K
  class space    used 17710K, capacity 18460K, committed 18560K, reserved 1048576K
Event: 325,978 GC heap after
Heap after GC invocations=81 (full 0):
 garbage-first heap   total 1048576K, used 645594K [0x0000000640000000, 0x0000000640800400, 0x00000007c0000000)
  region size 8192K, 2 young (16384K), 2 survivors (16384K)
 Metaspace       used 112849K, capacity 114860K, committed 115328K, reserved 1146880K
  class space    used 17710K, capacity 18460K, committed 18560K, reserved 1048576K
}

