# JRE version: Java(TM) SE Runtime Environment (8.0_111-b14) (build 1.8.0_111-b14)
# Java VM: Java HotSpot(TM) 64-Bit Server VM (25.111-b14 mixed mode linux-amd64 compressed oops)
Heap:
 garbage-first heap   total 1048576K, used 789120K [0x0000000640000000, 0x0000000640800400, 0x00000007c0000000)
  region size 8192K, 20 young (163840K), 2 survivors (16384K)
 Metaspace       used 113333K, capacity 115368K, committed 115840K, reserved 1146880K
  class space    used 17754K, capacity 18524K, committed 18560K, reserved 1048576K
GC Heap History (10 events):
Event: 354,682 GC heap before
{Heap before GC invocations=78 (full 0):
 garbage-first heap   total 1048576K, used 859584K [0x0000000640000000, 0x0000000640800400, 0x00000007c0000000)
  region size 8192K, 38 young (311296K), 2 survivors (16384K)
 Metaspace       used 104998K, capacity 106724K, committed 107392K, reserved 1138688K
  class space    used 16490K, capacity 17164K, committed 17280K, reserved 1048576K
Event: 355,084 GC heap after
Heap after GC invocations=79 (full 0):
 garbage-first heap   total 1048576K, used 586039K [0x0000000640000000, 0x0000000640800400, 0x00000007c0000000)
  region size 8192K, 2 young (16384K), 2 survivors (16384K)
 Metaspace       used 104998K, capacity 106724K, committed 107392K, reserved 1138688K
  class space    used 16490K, capacity 17164K, committed 17280K, reserved 1048576K
}
Event: 361,258 GC heap before
{Heap before GC invocations=79 (full 0):
 garbage-first heap   total 1048576K, used 880951K [0x0000000640000000, 0x0000000640800400, 0x00000007c0000000)
  region size 8192K, 38 young (311296K), 2 survivors (16384K)
 Metaspace       used 108531K, capacity 110456K, committed 110976K, reserved 1142784K
  class space    used 17147K, capacity 17936K, committed 18048K, reserved 1048576K
Event: 361,391 GC heap after
Heap after GC invocations=80 (full 0):
 garbage-first heap   total 1048576K, used 630784K [0x0000000640000000, 0x0000000640800400, 0x00000007c0000000)
  region size 8192K, 2 young (16384K), 2 survivors (16384K)
 Metaspace       used 108531K, capacity 110456K, committed 110976K, reserved 1142784K
  class space    used 17147K, capacity 17936K, committed 18048K, reserved 1048576K
}
Event: 364,752 GC heap before
{Heap before GC invocations=80 (full 0):
 garbage-first heap   total 1048576K, used 925696K [0x0000000640000000, 0x0000000640800400, 0x00000007c0000000)
  region size 8192K, 38 young (311296K), 2 survivors (16384K)
 Metaspace       used 109676K, capacity 111650K, committed 112128K, reserved 1142784K
  class space    used 17323K, capacity 18101K, committed 18176K, reserved 1048576K
Event: 364,847 GC heap after
Heap after GC invocations=81 (full 0):
 garbage-first heap   total 1048576K, used 659227K [0x0000000640000000, 0x0000000640800400, 0x00000007c0000000)
  region size 8192K, 2 young (16384K), 2 survivors (16384K)
 Metaspace       used 109676K, capacity 111650K, committed 112128K, reserved 1142784K
  class space    used 17323K, capacity 18101K, committed 18176K, reserved 1048576K
}
Event: 369,418 GC heap before
{Heap before GC invocations=81 (full 0):
 garbage-first heap   total 1048576K, used 954139K [0x0000000640000000, 0x0000000640800400, 0x00000007c0000000)
  region size 8192K, 38 young (311296K), 2 survivors (16384K)
 Metaspace       used 111230K, capacity 113230K, committed 113536K, reserved 1144832K
  class space    used 17503K, capacity 18263K, committed 18304K, reserved 1048576K
Event: 369,487 GC heap after
Heap after GC invocations=82 (full 0):
 garbage-first heap   total 1048576K, used 663974K [0x0000000640000000, 0x0000000640800400, 0x00000007c0000000)
  region size 8192K, 2 young (16384K), 2 survivors (16384K)
 Metaspace       used 111230K, capacity 113230K, committed 113536K, reserved 1144832K
  class space    used 17503K, capacity 18263K, committed 18304K, reserved 1048576K
}
Event: 373,850 GC heap before
{Heap before GC invocations=83 (full 0):
 garbage-first heap   total 1048576K, used 934310K [0x0000000640000000, 0x0000000640800400, 0x00000007c0000000)
  region size 8192K, 38 young (311296K), 2 survivors (16384K)
 Metaspace       used 112596K, capacity 114632K, committed 114944K, reserved 1146880K
  class space    used 17670K, capacity 18428K, committed 18432K, reserved 1048576K
Event: 373,915 GC heap after
Heap after GC invocations=84 (full 0):
 garbage-first heap   total 1048576K, used 649856K [0x0000000640000000, 0x0000000640800400, 0x00000007c0000000)
  region size 8192K, 2 young (16384K), 2 survivors (16384K)
 Metaspace       used 112596K, capacity 114632K, committed 114944K, reserved 1146880K
  class space    used 17670K, capacity 18428K, committed 18432K, reserved 1048576K
}

